C:\USERS\GENUSIS1\DESKTOP\SPIREAN\CLIENT\DEVENGINE\DEBUG\BUFFER.OBJ
C:\USERS\GENUSIS1\DESKTOP\SPIREAN\CLIENT\DEVENGINE\DEBUG\MAIN.OBJ
C:\USERS\GENUSIS1\DESKTOP\SPIREAN\CLIENT\DEVENGINE\DEBUG\PROGRAM_PATH.OBJ
C:\USERS\GENUSIS1\DESKTOP\SPIREAN\CLIENT\DEVENGINE\DEBUG\STRING.OBJ
C:\USERS\GENUSIS1\DESKTOP\SPIREAN\CLIENT\DEVENGINE\DEBUG\VC110.PDB
C:\USERS\GENUSIS1\DESKTOP\SPIREAN\CLIENT\DEVENGINE\DEBUG\VC100.PDB
C:\USERS\GENUSIS1\DESKTOP\SPIREAN\CLIENT\DEBUG\DEVENGINE.ILK
C:\USERS\GENUSIS1\DESKTOP\SPIREAN\CLIENT\DEBUG\DEVENGINE.EXE
C:\USERS\GENUSIS1\DESKTOP\SPIREAN\CLIENT\DEBUG\DEVENGINE.PDB
C:\Users\genusis1\Desktop\spirean\client\DevEngine\Debug\buffer.obj
C:\Users\genusis1\Desktop\spirean\client\DevEngine\Debug\main.obj
C:\Users\genusis1\Desktop\spirean\client\DevEngine\Debug\program_path.obj
C:\Users\genusis1\Desktop\spirean\client\DevEngine\Debug\String.obj
C:\Users\genusis1\Desktop\spirean\client\DevEngine\Debug\cl.command.1.tlog
C:\Users\genusis1\Desktop\spirean\client\DevEngine\Debug\CL.read.1.tlog
C:\Users\genusis1\Desktop\spirean\client\DevEngine\Debug\CL.write.1.tlog
C:\Users\genusis1\Desktop\spirean\client\DevEngine\Debug\link-cvtres.read.1.tlog
C:\Users\genusis1\Desktop\spirean\client\DevEngine\Debug\link-cvtres.write.1.tlog
C:\Users\genusis1\Desktop\spirean\client\DevEngine\Debug\link-rc.read.1.tlog
C:\Users\genusis1\Desktop\spirean\client\DevEngine\Debug\link-rc.write.1.tlog
C:\Users\genusis1\Desktop\spirean\client\DevEngine\Debug\link.2996-cvtres.read.1.tlog
C:\Users\genusis1\Desktop\spirean\client\DevEngine\Debug\link.2996-cvtres.write.1.tlog
C:\Users\genusis1\Desktop\spirean\client\DevEngine\Debug\link.2996-rc.read.1.tlog
C:\Users\genusis1\Desktop\spirean\client\DevEngine\Debug\link.2996-rc.write.1.tlog
C:\Users\genusis1\Desktop\spirean\client\DevEngine\Debug\link.2996.read.1.tlog
C:\Users\genusis1\Desktop\spirean\client\DevEngine\Debug\link.2996.write.1.tlog
C:\Users\genusis1\Desktop\spirean\client\DevEngine\Debug\link.3008-cvtres.read.1.tlog
C:\Users\genusis1\Desktop\spirean\client\DevEngine\Debug\link.3008-cvtres.write.1.tlog
C:\Users\genusis1\Desktop\spirean\client\DevEngine\Debug\link.3008-rc.read.1.tlog
C:\Users\genusis1\Desktop\spirean\client\DevEngine\Debug\link.3008-rc.write.1.tlog
C:\Users\genusis1\Desktop\spirean\client\DevEngine\Debug\link.3008.read.1.tlog
C:\Users\genusis1\Desktop\spirean\client\DevEngine\Debug\link.3008.write.1.tlog
C:\Users\genusis1\Desktop\spirean\client\DevEngine\Debug\link.3864-cvtres.read.1.tlog
C:\Users\genusis1\Desktop\spirean\client\DevEngine\Debug\link.3864-cvtres.write.1.tlog
C:\Users\genusis1\Desktop\spirean\client\DevEngine\Debug\link.3864-rc.read.1.tlog
C:\Users\genusis1\Desktop\spirean\client\DevEngine\Debug\link.3864-rc.write.1.tlog
C:\Users\genusis1\Desktop\spirean\client\DevEngine\Debug\link.3864.read.1.tlog
C:\Users\genusis1\Desktop\spirean\client\DevEngine\Debug\link.3864.write.1.tlog
C:\Users\genusis1\Desktop\spirean\client\DevEngine\Debug\link.3972-cvtres.read.1.tlog
C:\Users\genusis1\Desktop\spirean\client\DevEngine\Debug\link.3972-cvtres.write.1.tlog
C:\Users\genusis1\Desktop\spirean\client\DevEngine\Debug\link.3972-rc.read.1.tlog
C:\Users\genusis1\Desktop\spirean\client\DevEngine\Debug\link.3972-rc.write.1.tlog
C:\Users\genusis1\Desktop\spirean\client\DevEngine\Debug\link.3972.read.1.tlog
C:\Users\genusis1\Desktop\spirean\client\DevEngine\Debug\link.3972.write.1.tlog
C:\Users\genusis1\Desktop\spirean\client\DevEngine\Debug\link.784-cvtres.read.1.tlog
C:\Users\genusis1\Desktop\spirean\client\DevEngine\Debug\link.784-cvtres.write.1.tlog
C:\Users\genusis1\Desktop\spirean\client\DevEngine\Debug\link.784-rc.read.1.tlog
C:\Users\genusis1\Desktop\spirean\client\DevEngine\Debug\link.784-rc.write.1.tlog
C:\Users\genusis1\Desktop\spirean\client\DevEngine\Debug\link.784.read.1.tlog
C:\Users\genusis1\Desktop\spirean\client\DevEngine\Debug\link.784.write.1.tlog
C:\Users\genusis1\Desktop\spirean\client\DevEngine\Debug\link.command.1.tlog
C:\Users\genusis1\Desktop\spirean\client\DevEngine\Debug\link.read.1.tlog
C:\Users\genusis1\Desktop\spirean\client\DevEngine\Debug\link.write.1.tlog
C:\Users\genusis1\Desktop\spirean\client\DevEngine\Debug\mt.command.1.tlog
C:\Users\genusis1\Desktop\spirean\client\DevEngine\Debug\mt.read.1.tlog
C:\Users\genusis1\Desktop\spirean\client\DevEngine\Debug\mt.write.1.tlog
C:\Users\genusis1\Desktop\spirean\client\DevEngine\Debug\DevEngine.exe.intermediate.manifest
C:\Users\genusis1\Desktop\spirean\client\DevEngine\Debug\vc100.idb
C:\Users\genusis1\Desktop\spirean\client\DevEngine\Debug\vc110.idb
C:\Users\genusis1\Desktop\spirean\client\DevEngine\Debug\vc100.pdb
C:\Users\genusis1\Desktop\spirean\client\DevEngine\Debug\vc110.pdb
C:\Users\genusis1\Desktop\spirean\client\Debug\DevEngine.pdb
C:\Users\genusis1\Desktop\spirean\client\Debug\DevEngine.exe
C:\Users\genusis1\Desktop\spirean\client\Debug\DevEngine.ilk
